Determining if the function sgemm_ exists failed with the following output:
Change Dir: /tmp/eagle/bin/CMakeFiles/CMakeTmp

Run Build Command(s):/opt/rh/devtoolset-9/root/usr/bin/gmake cmTC_bbd6a/fast && /opt/rh/devtoolset-9/root/usr/bin/gmake  -f CMakeFiles/cmTC_bbd6a.dir/build.make CMakeFiles/cmTC_bbd6a.dir/build
gmake[1]: Entering directory '/tmp/eagle/bin/CMakeFiles/CMakeTmp'
Building CXX object CMakeFiles/cmTC_bbd6a.dir/CheckFunctionExists.cxx.o
/opt/rh/devtoolset-9/root/usr/bin/c++    -DCHECK_FUNCTION_EXISTS=sgemm_   -o CMakeFiles/cmTC_bbd6a.dir/CheckFunctionExists.cxx.o -c /tmp/eagle/bin/CMakeFiles/CheckFunctionExists/CheckFunctionExists.cxx
Linking CXX executable cmTC_bbd6a
/usr/bin/cmake3 -E cmake_link_script CMakeFiles/cmTC_bbd6a.dir/link.txt --verbose=1
/opt/rh/devtoolset-9/root/usr/bin/c++   -DCHECK_FUNCTION_EXISTS=sgemm_    -rdynamic CMakeFiles/cmTC_bbd6a.dir/CheckFunctionExists.cxx.o  -o cmTC_bbd6a 
/opt/rh/devtoolset-9/root/usr/libexec/gcc/x86_64-redhat-linux/9/ld: CMakeFiles/cmTC_bbd6a.dir/CheckFunctionExists.cxx.o: in function `main':
CheckFunctionExists.cxx:(.text+0x10): undefined reference to `sgemm_'
collect2: error: ld returned 1 exit status
gmake[1]: *** [CMakeFiles/cmTC_bbd6a.dir/build.make:107: cmTC_bbd6a] Error 1
gmake[1]: Leaving directory '/tmp/eagle/bin/CMakeFiles/CMakeTmp'
gmake: *** [Makefile:141: cmTC_bbd6a/fast] Error 2



Performing C++ SOURCE FILE Test CMAKE_HAVE_LIBC_PTHREAD failed with the following output:
Change Dir: /tmp/eagle/bin/CMakeFiles/CMakeTmp

Run Build Command(s):/opt/rh/devtoolset-9/root/usr/bin/gmake cmTC_d2e73/fast && /opt/rh/devtoolset-9/root/usr/bin/gmake  -f CMakeFiles/cmTC_d2e73.dir/build.make CMakeFiles/cmTC_d2e73.dir/build
gmake[1]: Entering directory '/tmp/eagle/bin/CMakeFiles/CMakeTmp'
Building CXX object CMakeFiles/cmTC_d2e73.dir/src.cxx.o
/opt/rh/devtoolset-9/root/usr/bin/c++    -DCMAKE_HAVE_LIBC_PTHREAD   -o CMakeFiles/cmTC_d2e73.dir/src.cxx.o -c /tmp/eagle/bin/CMakeFiles/CMakeTmp/src.cxx
Linking CXX executable cmTC_d2e73
/usr/bin/cmake3 -E cmake_link_script CMakeFiles/cmTC_d2e73.dir/link.txt --verbose=1
/opt/rh/devtoolset-9/root/usr/bin/c++   -DCMAKE_HAVE_LIBC_PTHREAD    -rdynamic CMakeFiles/cmTC_d2e73.dir/src.cxx.o  -o cmTC_d2e73 
/opt/rh/devtoolset-9/root/usr/libexec/gcc/x86_64-redhat-linux/9/ld: CMakeFiles/cmTC_d2e73.dir/src.cxx.o: in function `main':
src.cxx:(.text+0x2d): undefined reference to `pthread_create'
/opt/rh/devtoolset-9/root/usr/libexec/gcc/x86_64-redhat-linux/9/ld: src.cxx:(.text+0x39): undefined reference to `pthread_detach'
/opt/rh/devtoolset-9/root/usr/libexec/gcc/x86_64-redhat-linux/9/ld: src.cxx:(.text+0x45): undefined reference to `pthread_cancel'
/opt/rh/devtoolset-9/root/usr/libexec/gcc/x86_64-redhat-linux/9/ld: src.cxx:(.text+0x56): undefined reference to `pthread_join'
/opt/rh/devtoolset-9/root/usr/libexec/gcc/x86_64-redhat-linux/9/ld: src.cxx:(.text+0x6a): undefined reference to `pthread_atfork'
collect2: error: ld returned 1 exit status
gmake[1]: *** [CMakeFiles/cmTC_d2e73.dir/build.make:107: cmTC_d2e73] Error 1
gmake[1]: Leaving directory '/tmp/eagle/bin/CMakeFiles/CMakeTmp'
gmake: *** [Makefile:141: cmTC_d2e73/fast] Error 2


Source file was:
#include <pthread.h>

void* test_func(void* data)
{
  return data;
}

int main(void)
{
  pthread_t thread;
  pthread_create(&thread, NULL, test_func, NULL);
  pthread_detach(thread);
  pthread_cancel(thread);
  pthread_join(thread, NULL);
  pthread_atfork(NULL, NULL, NULL);
  pthread_exit(NULL);

  return 0;
}

Determining if the function pthread_create exists in the pthreads failed with the following output:
Change Dir: /tmp/eagle/bin/CMakeFiles/CMakeTmp

Run Build Command(s):/opt/rh/devtoolset-9/root/usr/bin/gmake cmTC_b2ebf/fast && /opt/rh/devtoolset-9/root/usr/bin/gmake  -f CMakeFiles/cmTC_b2ebf.dir/build.make CMakeFiles/cmTC_b2ebf.dir/build
gmake[1]: Entering directory '/tmp/eagle/bin/CMakeFiles/CMakeTmp'
Building CXX object CMakeFiles/cmTC_b2ebf.dir/CheckFunctionExists.cxx.o
/opt/rh/devtoolset-9/root/usr/bin/c++    -DCHECK_FUNCTION_EXISTS=pthread_create   -o CMakeFiles/cmTC_b2ebf.dir/CheckFunctionExists.cxx.o -c /tmp/eagle/bin/CMakeFiles/CheckLibraryExists/CheckFunctionExists.cxx
Linking CXX executable cmTC_b2ebf
/usr/bin/cmake3 -E cmake_link_script CMakeFiles/cmTC_b2ebf.dir/link.txt --verbose=1
/opt/rh/devtoolset-9/root/usr/bin/c++   -DCHECK_FUNCTION_EXISTS=pthread_create    -rdynamic CMakeFiles/cmTC_b2ebf.dir/CheckFunctionExists.cxx.o  -o cmTC_b2ebf  -lpthreads 
/opt/rh/devtoolset-9/root/usr/libexec/gcc/x86_64-redhat-linux/9/ld: cannot find -lpthreads
collect2: error: ld returned 1 exit status
gmake[1]: *** [CMakeFiles/cmTC_b2ebf.dir/build.make:107: cmTC_b2ebf] Error 1
gmake[1]: Leaving directory '/tmp/eagle/bin/CMakeFiles/CMakeTmp'
gmake: *** [Makefile:141: cmTC_b2ebf/fast] Error 2



